Determining if the pthread_create exist failed with the following output:
Change Dir: /home/mari/CS480Kastanek/PA10/cmake-build-debug/CMakeFiles/CMakeTmp

Run Build Command:"/usr/bin/make" "cmTC_f0201/fast"
/usr/bin/make -f CMakeFiles/cmTC_f0201.dir/build.make CMakeFiles/cmTC_f0201.dir/build
make[1]: Entering directory '/home/mari/CS480Kastanek/PA10/cmake-build-debug/CMakeFiles/CMakeTmp'
Building C object CMakeFiles/cmTC_f0201.dir/CheckSymbolExists.c.o
/usr/bin/cc    -o CMakeFiles/cmTC_f0201.dir/CheckSymbolExists.c.o   -c /home/mari/CS480Kastanek/PA10/cmake-build-debug/CMakeFiles/CMakeTmp/CheckSymbolExists.c
Linking C executable cmTC_f0201
/home/mari/clion-2018.2.4/bin/cmake/linux/bin/cmake -E cmake_link_script CMakeFiles/cmTC_f0201.dir/link.txt --verbose=1
/usr/bin/cc      -rdynamic CMakeFiles/cmTC_f0201.dir/CheckSymbolExists.c.o  -o cmTC_f0201 
CMakeFiles/cmTC_f0201.dir/CheckSymbolExists.c.o: In function `main':
CheckSymbolExists.c:(.text+0x1b): undefined reference to `pthread_create'
collect2: error: ld returned 1 exit status
CMakeFiles/cmTC_f0201.dir/build.make:86: recipe for target 'cmTC_f0201' failed
make[1]: *** [cmTC_f0201] Error 1
make[1]: Leaving directory '/home/mari/CS480Kastanek/PA10/cmake-build-debug/CMakeFiles/CMakeTmp'
Makefile:121: recipe for target 'cmTC_f0201/fast' failed
make: *** [cmTC_f0201/fast] Error 2

File /home/mari/CS480Kastanek/PA10/cmake-build-debug/CMakeFiles/CMakeTmp/CheckSymbolExists.c:
/* */
#include <pthread.h>

int main(int argc, char** argv)
{
  (void)argv;
#ifndef pthread_create
  return ((int*)(&pthread_create))[argc];
#else
  (void)argc;
  return 0;
#endif
}

Determining if the function pthread_create exists in the pthreads failed with the following output:
Change Dir: /home/mari/CS480Kastanek/PA10/cmake-build-debug/CMakeFiles/CMakeTmp

Run Build Command:"/usr/bin/make" "cmTC_a1c5a/fast"
/usr/bin/make -f CMakeFiles/cmTC_a1c5a.dir/build.make CMakeFiles/cmTC_a1c5a.dir/build
make[1]: Entering directory '/home/mari/CS480Kastanek/PA10/cmake-build-debug/CMakeFiles/CMakeTmp'
Building C object CMakeFiles/cmTC_a1c5a.dir/CheckFunctionExists.c.o
/usr/bin/cc   -DCHECK_FUNCTION_EXISTS=pthread_create   -o CMakeFiles/cmTC_a1c5a.dir/CheckFunctionExists.c.o   -c /home/mari/clion-2018.2.4/bin/cmake/linux/share/cmake-3.12/Modules/CheckFunctionExists.c
Linking C executable cmTC_a1c5a
/home/mari/clion-2018.2.4/bin/cmake/linux/bin/cmake -E cmake_link_script CMakeFiles/cmTC_a1c5a.dir/link.txt --verbose=1
/usr/bin/cc  -DCHECK_FUNCTION_EXISTS=pthread_create    -rdynamic CMakeFiles/cmTC_a1c5a.dir/CheckFunctionExists.c.o  -o cmTC_a1c5a -lpthreads 
/usr/bin/ld: cannot find -lpthreads
collect2: error: ld returned 1 exit status
CMakeFiles/cmTC_a1c5a.dir/build.make:86: recipe for target 'cmTC_a1c5a' failed
make[1]: *** [cmTC_a1c5a] Error 1
make[1]: Leaving directory '/home/mari/CS480Kastanek/PA10/cmake-build-debug/CMakeFiles/CMakeTmp'
Makefile:121: recipe for target 'cmTC_a1c5a/fast' failed
make: *** [cmTC_a1c5a/fast] Error 2


