Determining if the pthread_create exist failed with the following output:
Change Dir: /home/alex/Documents/computer-graphics/PA2/include/CMakeFiles/CMakeTmp

Run Build Command:"/usr/bin/make" "cmTC_9742b/fast"
/usr/bin/make -f CMakeFiles/cmTC_9742b.dir/build.make CMakeFiles/cmTC_9742b.dir/build
make[1]: Entering directory '/home/alex/Documents/computer-graphics/PA2/include/CMakeFiles/CMakeTmp'
Building C object CMakeFiles/cmTC_9742b.dir/CheckSymbolExists.c.o
/usr/bin/cc     -o CMakeFiles/cmTC_9742b.dir/CheckSymbolExists.c.o   -c /home/alex/Documents/computer-graphics/PA2/include/CMakeFiles/CMakeTmp/CheckSymbolExists.c
Linking C executable cmTC_9742b
/usr/bin/cmake -E cmake_link_script CMakeFiles/cmTC_9742b.dir/link.txt --verbose=1
/usr/bin/cc       CMakeFiles/cmTC_9742b.dir/CheckSymbolExists.c.o  -o cmTC_9742b -rdynamic 
CMakeFiles/cmTC_9742b.dir/CheckSymbolExists.c.o: In function `main':
CheckSymbolExists.c:(.text+0x16): undefined reference to `pthread_create'
collect2: error: ld returned 1 exit status
CMakeFiles/cmTC_9742b.dir/build.make:97: recipe for target 'cmTC_9742b' failed
make[1]: *** [cmTC_9742b] Error 1
make[1]: Leaving directory '/home/alex/Documents/computer-graphics/PA2/include/CMakeFiles/CMakeTmp'
Makefile:126: recipe for target 'cmTC_9742b/fast' failed
make: *** [cmTC_9742b/fast] Error 2

File /home/alex/Documents/computer-graphics/PA2/include/CMakeFiles/CMakeTmp/CheckSymbolExists.c:
/* */
#include <pthread.h>

int main(int argc, char** argv)
{
  (void)argv;
#ifndef pthread_create
  return ((int*)(&pthread_create))[argc];
#else
  (void)argc;
  return 0;
#endif
}

Determining if the function pthread_create exists in the pthreads failed with the following output:
Change Dir: /home/alex/Documents/computer-graphics/PA2/include/CMakeFiles/CMakeTmp

Run Build Command:"/usr/bin/make" "cmTC_44cf8/fast"
/usr/bin/make -f CMakeFiles/cmTC_44cf8.dir/build.make CMakeFiles/cmTC_44cf8.dir/build
make[1]: Entering directory '/home/alex/Documents/computer-graphics/PA2/include/CMakeFiles/CMakeTmp'
Building C object CMakeFiles/cmTC_44cf8.dir/CheckFunctionExists.c.o
/usr/bin/cc    -DCHECK_FUNCTION_EXISTS=pthread_create   -o CMakeFiles/cmTC_44cf8.dir/CheckFunctionExists.c.o   -c /usr/share/cmake-3.5/Modules/CheckFunctionExists.c
Linking C executable cmTC_44cf8
/usr/bin/cmake -E cmake_link_script CMakeFiles/cmTC_44cf8.dir/link.txt --verbose=1
/usr/bin/cc   -DCHECK_FUNCTION_EXISTS=pthread_create    CMakeFiles/cmTC_44cf8.dir/CheckFunctionExists.c.o  -o cmTC_44cf8 -rdynamic -lpthreads 
/usr/bin/ld: cannot find -lpthreads
collect2: error: ld returned 1 exit status
CMakeFiles/cmTC_44cf8.dir/build.make:97: recipe for target 'cmTC_44cf8' failed
make[1]: *** [cmTC_44cf8] Error 1
make[1]: Leaving directory '/home/alex/Documents/computer-graphics/PA2/include/CMakeFiles/CMakeTmp'
Makefile:126: recipe for target 'cmTC_44cf8/fast' failed
make: *** [cmTC_44cf8/fast] Error 2


