Determining if the pthread_create exist failed with the following output:
Change Dir: /home/mari/CS480Kastanek/PA9/cmake-build-debug/CMakeFiles/CMakeTmp

Run Build Command:"/usr/bin/make" "cmTC_4faaa/fast"
/usr/bin/make -f CMakeFiles/cmTC_4faaa.dir/build.make CMakeFiles/cmTC_4faaa.dir/build
make[1]: Entering directory '/home/mari/CS480Kastanek/PA9/cmake-build-debug/CMakeFiles/CMakeTmp'
Building C object CMakeFiles/cmTC_4faaa.dir/CheckSymbolExists.c.o
/usr/bin/cc    -o CMakeFiles/cmTC_4faaa.dir/CheckSymbolExists.c.o   -c /home/mari/CS480Kastanek/PA9/cmake-build-debug/CMakeFiles/CMakeTmp/CheckSymbolExists.c
Linking C executable cmTC_4faaa
/home/mari/clion-2018.2.4/bin/cmake/linux/bin/cmake -E cmake_link_script CMakeFiles/cmTC_4faaa.dir/link.txt --verbose=1
/usr/bin/cc      -rdynamic CMakeFiles/cmTC_4faaa.dir/CheckSymbolExists.c.o  -o cmTC_4faaa 
CMakeFiles/cmTC_4faaa.dir/CheckSymbolExists.c.o: In function `main':
CheckSymbolExists.c:(.text+0x1b): undefined reference to `pthread_create'
collect2: error: ld returned 1 exit status
CMakeFiles/cmTC_4faaa.dir/build.make:86: recipe for target 'cmTC_4faaa' failed
make[1]: *** [cmTC_4faaa] Error 1
make[1]: Leaving directory '/home/mari/CS480Kastanek/PA9/cmake-build-debug/CMakeFiles/CMakeTmp'
Makefile:121: recipe for target 'cmTC_4faaa/fast' failed
make: *** [cmTC_4faaa/fast] Error 2

File /home/mari/CS480Kastanek/PA9/cmake-build-debug/CMakeFiles/CMakeTmp/CheckSymbolExists.c:
/* */
#include <pthread.h>

int main(int argc, char** argv)
{
  (void)argv;
#ifndef pthread_create
  return ((int*)(&pthread_create))[argc];
#else
  (void)argc;
  return 0;
#endif
}

Determining if the function pthread_create exists in the pthreads failed with the following output:
Change Dir: /home/mari/CS480Kastanek/PA9/cmake-build-debug/CMakeFiles/CMakeTmp

Run Build Command:"/usr/bin/make" "cmTC_5db1c/fast"
/usr/bin/make -f CMakeFiles/cmTC_5db1c.dir/build.make CMakeFiles/cmTC_5db1c.dir/build
make[1]: Entering directory '/home/mari/CS480Kastanek/PA9/cmake-build-debug/CMakeFiles/CMakeTmp'
Building C object CMakeFiles/cmTC_5db1c.dir/CheckFunctionExists.c.o
/usr/bin/cc   -DCHECK_FUNCTION_EXISTS=pthread_create   -o CMakeFiles/cmTC_5db1c.dir/CheckFunctionExists.c.o   -c /home/mari/clion-2018.2.4/bin/cmake/linux/share/cmake-3.12/Modules/CheckFunctionExists.c
Linking C executable cmTC_5db1c
/home/mari/clion-2018.2.4/bin/cmake/linux/bin/cmake -E cmake_link_script CMakeFiles/cmTC_5db1c.dir/link.txt --verbose=1
/usr/bin/cc  -DCHECK_FUNCTION_EXISTS=pthread_create    -rdynamic CMakeFiles/cmTC_5db1c.dir/CheckFunctionExists.c.o  -o cmTC_5db1c -lpthreads 
/usr/bin/ld: cannot find -lpthreads
collect2: error: ld returned 1 exit status
CMakeFiles/cmTC_5db1c.dir/build.make:86: recipe for target 'cmTC_5db1c' failed
make[1]: *** [cmTC_5db1c] Error 1
make[1]: Leaving directory '/home/mari/CS480Kastanek/PA9/cmake-build-debug/CMakeFiles/CMakeTmp'
Makefile:121: recipe for target 'cmTC_5db1c/fast' failed
make: *** [cmTC_5db1c/fast] Error 2


